<?xml version="1.0" encoding="UTF-8"?>
<!-- Generated by org.testng.reporters.JUnitReportReporter -->
<testsuite hostname="m-C02T765BG8WN.local" name="automation.LoginTest" tests="1" failures="0" timestamp="18 Jul 2017 15:53:38 GMT" time="19.915" errors="0">
  <testcase name="Test" time="19.915" classname="automation.LoginTest"/>
</testsuite> <!-- automation.LoginTest -->
