<?xml version="1.0" encoding="UTF-8"?>
<!-- Generated by org.testng.reporters.JUnitReportReporter -->
<testsuite hostname="m-C02T765BG8WN.local" name="automation.LoginTestOld" tests="1" failures="0" timestamp="20 Jul 2017 16:27:21 GMT" time="1.960" errors="0">
  <testcase name="Test" time="1.960" classname="automation.LoginTestOld"/>
</testsuite> <!-- automation.LoginTestOld -->
